2017-09-17 12:08:16  [ main:0 ] - [ INFO ]  Refreshing org.springframework.context.support.ClassPathXmlApplicationContext@169cccc: startup date [Sun Sep 17 12:08:16 CST 2017]; root of context hierarchy
2017-09-17 12:08:16  [ main:254 ] - [ INFO ]  Loading XML bean definitions from class path resource [beans.xml]
2017-09-17 12:08:17  [ main:928 ] - [ INFO ]  Loading properties file from class path resource [db.properties]
2017-09-17 12:08:44  [ main:0 ] - [ INFO ]  Refreshing org.springframework.context.support.ClassPathXmlApplicationContext@1341183: startup date [Sun Sep 17 12:08:44 CST 2017]; root of context hierarchy
2017-09-17 12:08:44  [ main:54 ] - [ INFO ]  Loading XML bean definitions from class path resource [beans.xml]
2017-09-17 12:08:44  [ main:467 ] - [ INFO ]  Loading properties file from class path resource [db.properties]
2017-09-17 12:19:04  [ main:0 ] - [ INFO ]  Refreshing org.springframework.context.support.ClassPathXmlApplicationContext@169cccc: startup date [Sun Sep 17 12:19:04 CST 2017]; root of context hierarchy
2017-09-17 12:19:04  [ main:64 ] - [ INFO ]  Loading XML bean definitions from class path resource [beans.xml]
2017-09-17 12:19:05  [ main:529 ] - [ INFO ]  Loading properties file from class path resource [db.properties]
2017-09-17 12:19:06  [ main:1758 ] - [ DEBUG ]  ==>  Preparing: select typeid,typename from Booktype where typeid=? 
2017-09-17 12:19:06  [ main:1802 ] - [ DEBUG ]  ==> Parameters: 3(Integer)
2017-09-17 12:19:06  [ main:1825 ] - [ DEBUG ]  <==      Total: 1
2017-09-17 12:19:18  [ main:0 ] - [ INFO ]  Refreshing org.springframework.context.support.ClassPathXmlApplicationContext@1341183: startup date [Sun Sep 17 12:19:18 CST 2017]; root of context hierarchy
2017-09-17 12:19:18  [ main:52 ] - [ INFO ]  Loading XML bean definitions from class path resource [beans.xml]
2017-09-17 12:19:18  [ main:507 ] - [ INFO ]  Loading properties file from class path resource [db.properties]
2017-09-17 12:19:19  [ main:1576 ] - [ DEBUG ]  ==>  Preparing: select typeid,typename from Booktype 
2017-09-17 12:19:20  [ main:1615 ] - [ DEBUG ]  ==> Parameters: 
2017-09-17 12:19:20  [ main:1633 ] - [ DEBUG ]  <==      Total: 8
2017-09-17 12:19:33  [ main:0 ] - [ INFO ]  Refreshing org.springframework.context.support.ClassPathXmlApplicationContext@169cccc: startup date [Sun Sep 17 12:19:33 CST 2017]; root of context hierarchy
2017-09-17 12:19:33  [ main:59 ] - [ INFO ]  Loading XML bean definitions from class path resource [beans.xml]
2017-09-17 12:19:33  [ main:473 ] - [ INFO ]  Loading properties file from class path resource [db.properties]
2017-09-17 12:19:34  [ main:1123 ] - [ DEBUG ]  Cache Hit Ratio [com.yc.mapper.BookMapper]: 0.0
2017-09-17 12:19:34  [ main:1445 ] - [ DEBUG ]  ==>  Preparing: select bookid,ISBN,name,auther,price,typename,b.typeid,description,pdfs from Book b inner join bookType bt on b.typeid=bt.typeid 
2017-09-17 12:19:34  [ main:1475 ] - [ DEBUG ]  ==> Parameters: 
2017-09-17 12:19:34  [ main:1493 ] - [ INFO ]  Loading XML bean definitions from class path resource [org/springframework/jdbc/support/sql-error-codes.xml]
2017-09-17 12:19:34  [ main:1521 ] - [ INFO ]  SQLErrorCodes loaded: [DB2, Derby, H2, HSQL, Informix, MS-SQL, MySQL, Oracle, PostgreSQL, Sybase, Hana]
2017-09-17 12:20:12  [ main:0 ] - [ INFO ]  Refreshing org.springframework.context.support.ClassPathXmlApplicationContext@1341183: startup date [Sun Sep 17 12:20:12 CST 2017]; root of context hierarchy
2017-09-17 12:20:12  [ main:52 ] - [ INFO ]  Loading XML bean definitions from class path resource [beans.xml]
2017-09-17 12:20:13  [ main:449 ] - [ INFO ]  Loading properties file from class path resource [db.properties]
2017-09-17 12:20:14  [ main:1176 ] - [ DEBUG ]  Cache Hit Ratio [com.yc.mapper.BookMapper]: 0.0
2017-09-17 12:20:14  [ main:1500 ] - [ DEBUG ]  ==>  Preparing: select bookid,ISBN,name,auther,price,typename,b.typeid,description,pdfs from Book b inner join bookType bt on b.typeid=bt.typeid where bookid=? 
2017-09-17 12:20:14  [ main:1534 ] - [ DEBUG ]  ==> Parameters: 1(Long)
2017-09-17 12:20:14  [ main:1553 ] - [ INFO ]  Loading XML bean definitions from class path resource [org/springframework/jdbc/support/sql-error-codes.xml]
2017-09-17 12:20:14  [ main:1589 ] - [ INFO ]  SQLErrorCodes loaded: [DB2, Derby, H2, HSQL, Informix, MS-SQL, MySQL, Oracle, PostgreSQL, Sybase, Hana]
2017-09-17 12:20:19  [ main:0 ] - [ INFO ]  Refreshing org.springframework.context.support.ClassPathXmlApplicationContext@a8198c: startup date [Sun Sep 17 12:20:19 CST 2017]; root of context hierarchy
2017-09-17 12:20:19  [ main:55 ] - [ INFO ]  Loading XML bean definitions from class path resource [beans.xml]
2017-09-17 12:20:19  [ main:488 ] - [ INFO ]  Loading properties file from class path resource [db.properties]
2017-09-17 12:20:20  [ main:1607 ] - [ DEBUG ]  ==>  Preparing: insert into book (ISBN,name,auther,price,typeid,description,pdfs) values (?,?,?,?,?,?,?) 
2017-09-17 12:20:20  [ main:1639 ] - [ DEBUG ]  ==> Parameters: 2304-7957(String), 白夜行(String), 东野圭吾(String), 38.5(Double), 3(Integer), 好看好看真好看(String), 658705120758346573475808hfkdhjkf.txt,(String)
2017-09-17 12:20:20  [ main:1675 ] - [ INFO ]  Loading XML bean definitions from class path resource [org/springframework/jdbc/support/sql-error-codes.xml]
2017-09-17 12:20:20  [ main:1704 ] - [ INFO ]  SQLErrorCodes loaded: [DB2, Derby, H2, HSQL, Informix, MS-SQL, MySQL, Oracle, PostgreSQL, Sybase, Hana]
